Traceback (most recent call last):
  File "/opt/hostedtoolcache/Python/3.8.6/x64/lib/python3.8/site-packages/jupyter_cache/executors/utils.py", line 51, in single_nb_execution
    executenb(
  File "/opt/hostedtoolcache/Python/3.8.6/x64/lib/python3.8/site-packages/nbclient/client.py", line 1087, in execute
    return NotebookClient(nb=nb, resources=resources, km=km, **kwargs).execute()
  File "/opt/hostedtoolcache/Python/3.8.6/x64/lib/python3.8/site-packages/nbclient/util.py", line 74, in wrapped
    return just_run(coro(*args, **kwargs))
  File "/opt/hostedtoolcache/Python/3.8.6/x64/lib/python3.8/site-packages/nbclient/util.py", line 53, in just_run
    return loop.run_until_complete(coro)
  File "/opt/hostedtoolcache/Python/3.8.6/x64/lib/python3.8/asyncio/base_events.py", line 616, in run_until_complete
    return future.result()
  File "/opt/hostedtoolcache/Python/3.8.6/x64/lib/python3.8/site-packages/nbclient/client.py", line 540, in async_execute
    await self.async_execute_cell(
  File "/opt/hostedtoolcache/Python/3.8.6/x64/lib/python3.8/site-packages/nbclient/client.py", line 832, in async_execute_cell
    self._check_raise_for_error(cell, exec_reply)
  File "/opt/hostedtoolcache/Python/3.8.6/x64/lib/python3.8/site-packages/nbclient/client.py", line 740, in _check_raise_for_error
    raise CellExecutionError.from_cell_and_msg(cell, exec_reply['content'])
nbclient.exceptions.CellExecutionError: An error occurred while executing the following cell:
------------------
import matplotlib.pyplot as plt
from matplotlib.patches import Circle, Arc
import numpy as np
from sympy import symbols, Eq, solve
h, e = symbols("h,e", real=True)

R_E = 6378  # km
orbit_radius = 1000  # km
mu = 398_600  # km**2/s**3
theta = np.radians(35)
earth = Circle((0, 0), R_E, facecolor="paleturquoise", edgecolor="None")
orbit = Circle((0, 0), R_E + orbit_radius, facecolor="None", edgecolor="black")
apoapsis = Eq((h**2 / mu / (1 - e)), R_E + orbit_radius)
impact = Eq((h**2 / mu / (1 + e * np.cos(theta))), R_E)
solution = solve((apoapsis, impact), (h, e))
# If multiple solutions are found take the one with both values positive
if len(solution[0]) > 1:
    sol = solution[0]
    if all(i > 0 for i in sol):
        pass
    else:
        sol = solution[1]
    h_2, e_2 = float(sol[0]), float(sol[1])

a = h_2**2 / mu / (1 - e_2**2)
b = a * np.sqrt(1 - e_2**2)
transfer = Arc((R_E + orbit_radius - a, 0), 2*a, 2*b, theta2=np.degrees(np.pi - theta),
               edgecolor="red", linestyle="--")
A = (R_E + orbit_radius, 0)
B = (R_E * np.cos(np.pi - theta), R_E * np.sin(np.pi - theta))

fig, ax = plt.subplots(figsize=(9, 9))
plt.rc("font", size=20)
ax.set_aspect("equal")
ax.set_axis_off()
ax.set_clip_on(False)
ax.set_xlim(-R_E - orbit_radius*2, R_E + orbit_radius*2)
ax.set_ylim(-R_E - orbit_radius*2, R_E + orbit_radius*2)
ax.add_patch(earth)
ax.add_patch(orbit)
ax.add_patch(transfer)
ax.plot(*A, "ko")
ax.plot(*B, "ko")
ax.annotate("Impulse", xy=A, xytext=(10, 10), textcoords="offset points", ha="left", va="center")
ax.annotate("Impact", xy=B, xytext=(10, 10), textcoords="offset points", ha="left", va="top")
ax.annotate("Earth", xy=(0, -4000), ha="center", va="center")
ax.plot([0, (R_E + orbit_radius + 500) * np.cos(np.pi - theta)], [0, (R_E + orbit_radius + 500) * np.sin(np.pi - theta)], color="black", lw=1)
ax.plot([0, R_E + orbit_radius + 500], [0, 0], color="black", lw=1)
ax.add_patch(Arc((0, 0), 2000, 2000, theta2=np.degrees(np.pi - theta)))
ann = (np.pi - theta) / 2
ax.annotate(f"{np.degrees(np.pi - theta):.0F}°", xy=(1250 * np.cos(ann), 1250*np.sin(ann)));
------------------

[0;31m---------------------------------------------------------------------------[0m
[0;31mModuleNotFoundError[0m                       Traceback (most recent call last)
[0;32m<ipython-input-1-5f1ce9681c71>[0m in [0;36m<module>[0;34m[0m
[1;32m      2[0m [0;32mfrom[0m [0mmatplotlib[0m[0;34m.[0m[0mpatches[0m [0;32mimport[0m [0mCircle[0m[0;34m,[0m [0mArc[0m[0;34m[0m[0;34m[0m[0m
[1;32m      3[0m [0;32mimport[0m [0mnumpy[0m [0;32mas[0m [0mnp[0m[0;34m[0m[0;34m[0m[0m
[0;32m----> 4[0;31m [0;32mfrom[0m [0msympy[0m [0;32mimport[0m [0msymbols[0m[0;34m,[0m [0mEq[0m[0;34m,[0m [0msolve[0m[0;34m[0m[0;34m[0m[0m
[0m[1;32m      5[0m [0mh[0m[0;34m,[0m [0me[0m [0;34m=[0m [0msymbols[0m[0;34m([0m[0;34m"h,e"[0m[0;34m,[0m [0mreal[0m[0;34m=[0m[0;32mTrue[0m[0;34m)[0m[0;34m[0m[0;34m[0m[0m
[1;32m      6[0m [0;34m[0m[0m

[0;31mModuleNotFoundError[0m: No module named 'sympy'
ModuleNotFoundError: No module named 'sympy'

