Traceback (most recent call last):
  File "/opt/hostedtoolcache/Python/3.9.16/x64/lib/python3.9/site-packages/jupyter_cache/executors/utils.py", line 51, in single_nb_execution
    executenb(
  File "/opt/hostedtoolcache/Python/3.9.16/x64/lib/python3.9/site-packages/nbclient/client.py", line 1093, in execute
    return NotebookClient(nb=nb, resources=resources, km=km, **kwargs).execute()
  File "/opt/hostedtoolcache/Python/3.9.16/x64/lib/python3.9/site-packages/nbclient/util.py", line 84, in wrapped
    return just_run(coro(*args, **kwargs))
  File "/opt/hostedtoolcache/Python/3.9.16/x64/lib/python3.9/site-packages/nbclient/util.py", line 62, in just_run
    return loop.run_until_complete(coro)
  File "/opt/hostedtoolcache/Python/3.9.16/x64/lib/python3.9/asyncio/base_events.py", line 647, in run_until_complete
    return future.result()
  File "/opt/hostedtoolcache/Python/3.9.16/x64/lib/python3.9/site-packages/nbclient/client.py", line 559, in async_execute
    await self.async_execute_cell(
  File "/opt/hostedtoolcache/Python/3.9.16/x64/lib/python3.9/site-packages/nbclient/client.py", line 854, in async_execute_cell
    self._check_raise_for_error(cell, exec_reply)
  File "/opt/hostedtoolcache/Python/3.9.16/x64/lib/python3.9/site-packages/nbclient/client.py", line 756, in _check_raise_for_error
    raise CellExecutionError.from_cell_and_msg(cell, exec_reply_content)
nbclient.exceptions.CellExecutionError: An error occurred while executing the following cell:
------------------
from poliastro.ephem import Ephem
from poliastro.bodies import Sun, Mercury
from poliastro.twobody import Orbit
merc_ephem = Ephem.from_body(Mercury, epoch.tdb)
merc_orbit = Orbit.from_ephem(Sun, merc_ephem, epoch)
print(f"𝑎 = {merc_orbit.a:.5G}", f"𝑒 = {merc_orbit.ecc:.5F}", f"𝑖 = {merc_orbit.inc.to('degree'):.2F}",
      f"𝜃 = {merc_orbit.nu.to('degree'):.2F}", f"𝜔 = {merc_orbit.argp.to('degree'):.2F}",
      f"𝛺 = {merc_orbit.raan.to('degree')}", sep="\n")
------------------

[0;31m---------------------------------------------------------------------------[0m
[0;31mModuleNotFoundError[0m                       Traceback (most recent call last)
[0;32m/tmp/ipykernel_2245/3655448516.py[0m in [0;36m<module>[0;34m[0m
[0;32m----> 1[0;31m [0;32mfrom[0m [0mpoliastro[0m[0;34m.[0m[0mephem[0m [0;32mimport[0m [0mEphem[0m[0;34m[0m[0;34m[0m[0m
[0m[1;32m      2[0m [0;32mfrom[0m [0mpoliastro[0m[0;34m.[0m[0mbodies[0m [0;32mimport[0m [0mSun[0m[0;34m,[0m [0mMercury[0m[0;34m[0m[0;34m[0m[0m
[1;32m      3[0m [0;32mfrom[0m [0mpoliastro[0m[0;34m.[0m[0mtwobody[0m [0;32mimport[0m [0mOrbit[0m[0;34m[0m[0;34m[0m[0m
[1;32m      4[0m [0mmerc_ephem[0m [0;34m=[0m [0mEphem[0m[0;34m.[0m[0mfrom_body[0m[0;34m([0m[0mMercury[0m[0;34m,[0m [0mepoch[0m[0;34m.[0m[0mtdb[0m[0;34m)[0m[0;34m[0m[0;34m[0m[0m
[1;32m      5[0m [0mmerc_orbit[0m [0;34m=[0m [0mOrbit[0m[0;34m.[0m[0mfrom_ephem[0m[0;34m([0m[0mSun[0m[0;34m,[0m [0mmerc_ephem[0m[0;34m,[0m [0mepoch[0m[0;34m)[0m[0;34m[0m[0;34m[0m[0m

[0;32m/opt/hostedtoolcache/Python/3.9.16/x64/lib/python3.9/site-packages/poliastro/ephem.py[0m in [0;36m<module>[0;34m[0m
[1;32m     17[0m [0;32mfrom[0m [0mscipy[0m[0;34m.[0m[0minterpolate[0m [0;32mimport[0m [0minterp1d[0m[0;34m[0m[0;34m[0m[0m
[1;32m     18[0m [0;34m[0m[0m
[0;32m---> 19[0;31m [0;32mfrom[0m [0mpoliastro[0m[0;34m.[0m[0mtwobody[0m[0;34m.[0m[0mpropagation[0m [0;32mimport[0m [0mpropagate[0m[0;34m[0m[0;34m[0m[0m
[0m[1;32m     20[0m [0;34m[0m[0m
[1;32m     21[0m [0;32mfrom[0m [0;34m.[0m[0mframes[0m [0;32mimport[0m [0mPlanes[0m[0;34m[0m[0;34m[0m[0m

[0;32m/opt/hostedtoolcache/Python/3.9.16/x64/lib/python3.9/site-packages/poliastro/twobody/__init__.py[0m in [0;36m<module>[0;34m[0m
[0;32m----> 1[0;31m [0;32mfrom[0m [0;34m.[0m[0morbit[0m [0;32mimport[0m [0mOrbit[0m[0;34m[0m[0;34m[0m[0m
[0m[1;32m      2[0m [0;34m[0m[0m
[1;32m      3[0m [0m__all__[0m [0;34m=[0m [0;34m[[0m[0;34m"Orbit"[0m[0;34m][0m[0;34m[0m[0;34m[0m[0m

[0;32m/opt/hostedtoolcache/Python/3.9.16/x64/lib/python3.9/site-packages/poliastro/twobody/orbit.py[0m in [0;36m<module>[0;34m[0m
[1;32m     19[0m [0;32mfrom[0m [0mpoliastro[0m[0;34m.[0m[0mframes[0m [0;32mimport[0m [0mPlanes[0m[0;34m[0m[0;34m[0m[0m
[1;32m     20[0m [0;32mfrom[0m [0mpoliastro[0m[0;34m.[0m[0mframes[0m[0;34m.[0m[0mutil[0m [0;32mimport[0m [0mget_frame[0m[0;34m[0m[0;34m[0m[0m
[0;32m---> 21[0;31m [0;32mfrom[0m [0mpoliastro[0m[0;34m.[0m[0mthreebody[0m[0;34m.[0m[0msoi[0m [0;32mimport[0m [0mlaplace_radius[0m[0;34m[0m[0;34m[0m[0m
[0m[1;32m     22[0m [0;32mfrom[0m [0mpoliastro[0m[0;34m.[0m[0mtwobody[0m[0;34m.[0m[0mpropagation[0m [0;32mimport[0m [0mfarnocchia[0m[0;34m,[0m [0mpropagate[0m[0;34m[0m[0;34m[0m[0m
[1;32m     23[0m [0;34m[0m[0m

[0;32m/opt/hostedtoolcache/Python/3.9.16/x64/lib/python3.9/site-packages/poliastro/threebody/soi.py[0m in [0;36m<module>[0;34m[0m
[1;32m     32[0m [0;34m[0m[0m
[1;32m     33[0m """
[0;32m---> 34[0;31m [0;32mfrom[0m [0;34m.[0m[0;34m.[0m[0mtwobody[0m[0;34m.[0m[0mmean_elements[0m [0;32mimport[0m [0mget_mean_elements[0m[0;34m[0m[0;34m[0m[0m
[0m[1;32m     35[0m [0;34m[0m[0m
[1;32m     36[0m [0;34m[0m[0m

[0;32m/opt/hostedtoolcache/Python/3.9.16/x64/lib/python3.9/site-packages/poliastro/twobody/mean_elements.py[0m in [0;36m<module>[0;34m[0m
[1;32m      5[0m [0;32mfrom[0m [0;34m.[0m[0;34m.[0m[0mconstants[0m [0;32mimport[0m [0mJ2000[0m[0;34m[0m[0;34m[0m[0m
[1;32m      6[0m [0;32mfrom[0m [0;34m.[0m[0;34m.[0m[0mframes[0m [0;32mimport[0m [0mPlanes[0m[0;34m[0m[0;34m[0m[0m
[0;32m----> 7[0;31m [0;32mfrom[0m [0;34m.[0m[0mstates[0m [0;32mimport[0m [0mRVState[0m[0;34m[0m[0;34m[0m[0m
[0m[1;32m      8[0m [0;34m[0m[0m
[1;32m      9[0m [0;34m[0m[0m

[0;32m/opt/hostedtoolcache/Python/3.9.16/x64/lib/python3.9/site-packages/poliastro/twobody/states.py[0m in [0;36m<module>[0;34m[0m
[1;32m      1[0m [0;32mfrom[0m [0mastropy[0m [0;32mimport[0m [0munits[0m [0;32mas[0m [0mu[0m[0;34m[0m[0;34m[0m[0m
[1;32m      2[0m [0;34m[0m[0m
[0;32m----> 3[0;31m [0;32mfrom[0m [0;34m.[0m[0;34m.[0m[0mcore[0m[0;34m.[0m[0melements[0m [0;32mimport[0m [0mcoe2mee[0m[0;34m,[0m [0mcoe2rv[0m[0;34m,[0m [0mmee2coe[0m[0;34m,[0m [0mrv2coe[0m[0;34m[0m[0;34m[0m[0m
[0m[1;32m      4[0m [0;32mfrom[0m [0;34m.[0m[0melements[0m [0;32mimport[0m [0mmean_motion[0m[0;34m,[0m [0mperiod[0m[0;34m[0m[0;34m[0m[0m
[1;32m      5[0m [0;34m[0m[0m

[0;32m/opt/hostedtoolcache/Python/3.9.16/x64/lib/python3.9/site-packages/poliastro/core/elements.py[0m in [0;36m<module>[0;34m[0m
[1;32m      4[0m [0;34m[0m[0m
[1;32m      5[0m [0;32mimport[0m [0mnumpy[0m [0;32mas[0m [0mnp[0m[0;34m[0m[0;34m[0m[0m
[0;32m----> 6[0;31m [0;32mfrom[0m [0mnumba[0m [0;32mimport[0m [0mnjit[0m [0;32mas[0m [0mjit[0m[0;34m,[0m [0mprange[0m[0;34m[0m[0;34m[0m[0m
[0m[1;32m      7[0m [0;32mfrom[0m [0mnumpy[0m [0;32mimport[0m [0mcos[0m[0;34m,[0m [0mcross[0m[0;34m,[0m [0msin[0m[0;34m,[0m [0msqrt[0m[0;34m[0m[0;34m[0m[0m
[1;32m      8[0m [0;32mfrom[0m [0mnumpy[0m[0;34m.[0m[0mlinalg[0m [0;32mimport[0m [0mnorm[0m[0;34m[0m[0;34m[0m[0m

[0;31mModuleNotFoundError[0m: No module named 'numba'
ModuleNotFoundError: No module named 'numba'

